<?xml version="1.0" encoding="UTF-8"?>
<testng-results total="1" passed="1" failed="0" skipped="0">
  <reporter-output>
  </reporter-output>
  <suite started-at="2022-09-30T08:04:46Z" name="Default suite" finished-at="2022-09-30T08:06:01Z" duration-ms="74882">
    <groups>
    </groups>
    <test started-at="2022-09-30T08:04:46Z" name="Default test" finished-at="2022-09-30T08:06:01Z" duration-ms="74882">
      <class name="flipkart.SearchProductTest">
        <test-method is-config="true" signature="launchBrowser()[pri:0, instance:flipkart.SearchProductTest@1fa1cab1]" started-at="2022-09-30T13:34:46Z" name="launchBrowser" finished-at="2022-09-30T13:35:37Z" duration-ms="51029" status="PASS">
          <reporter-output>
          </reporter-output>
        </test-method> <!-- launchBrowser -->
        <test-method is-config="true" signature="beforeMethodSetup()[pri:0, instance:flipkart.SearchProductTest@1fa1cab1]" started-at="2022-09-30T13:35:37Z" name="beforeMethodSetup" finished-at="2022-09-30T13:35:43Z" duration-ms="6152" status="PASS">
          <reporter-output>
          </reporter-output>
        </test-method> <!-- beforeMethodSetup -->
        <test-method signature="searchProductTest()[pri:0, instance:flipkart.SearchProductTest@1fa1cab1]" started-at="2022-09-30T13:35:43Z" name="searchProductTest" finished-at="2022-09-30T13:36:00Z" duration-ms="16252" status="PASS">
          <reporter-output>
          </reporter-output>
        </test-method> <!-- searchProductTest -->
        <test-method is-config="true" signature="afterMethodActivity()[pri:0, instance:flipkart.SearchProductTest@1fa1cab1]" started-at="2022-09-30T13:36:00Z" name="afterMethodActivity" finished-at="2022-09-30T13:36:00Z" duration-ms="0" status="PASS">
          <reporter-output>
          </reporter-output>
        </test-method> <!-- afterMethodActivity -->
        <test-method is-config="true" signature="closeBrowser()[pri:0, instance:flipkart.SearchProductTest@1fa1cab1]" started-at="2022-09-30T13:36:00Z" name="closeBrowser" finished-at="2022-09-30T13:36:01Z" duration-ms="1365" status="PASS">
          <reporter-output>
          </reporter-output>
        </test-method> <!-- closeBrowser -->
      </class> <!-- flipkart.SearchProductTest -->
    </test> <!-- Default test -->
  </suite> <!-- Default suite -->
</testng-results>
